This is TeX, Version 3.14159265 (TeX Live 2020/Arch Linux) (preloaded format=tex 2021.2.15)  15 FEB 2021 13:41
**blindtext.ins
(./blindtext.ins (/usr/share/texmf-dist/tex/latex/base/docstrip.tex
\blockLevel=\count26
\emptyLines=\count27
\processedLines=\count28
\commentsRemoved=\count29
\commentsPassed=\count30
\codeLinesPassed=\count31
\TotalprocessedLines=\count32
\TotalcommentsRemoved=\count33
\TotalcommentsPassed=\count34
\TotalcodeLinesPassed=\count35
\NumberOfFiles=\count36
\inFile=\read0
\inputcheck=\read1
\@tempcnta=\count37
\off@0=\count38
\off@1=\count39
\off@2=\count40
\off@3=\count41
\off@4=\count42
\off@5=\count43
\off@6=\count44
\off@7=\count45
\off@8=\count46
\off@9=\count47
\off@10=\count48
\off@11=\count49
\off@12=\count50
\off@13=\count51
\off@14=\count52
\off@15=\count53
\@temptokena=\toks12
\@maxfiles=\count54
\@maxoutfiles=\count55

Utility: `docstrip' v2.6a <2020-07-07>
English documentation    <2020-07-11>

**********************************************************
* This program converts documented macro-files into fast *
* loadable files by stripping off (nearly) all comments! *
**********************************************************

********************************************************
* No Configuration file found, using default settings. *
********************************************************

(./blindtext.ins

Generating file(s) blindtext.sty 

Processing file blindtext.dtx (package) -> blindtext.sty
% % <*package % . . % % % % % % % % % % % % % % % % % > <*driver . . . . . . .
. % . . . . > % <*package % % % % % % % % % % % % % % % % % % % % % % % % % %
% % % % % % % % % % % % % % % % % % % % % % % % % % % % % % % % % % % % % % %
% % % % % % % % % % % % % % % % % % % % % % % % % % % % % % % % % % % % % % %
% % % % % % % % % % % % % % % % % % % % % % % % % % % % % % % % % % % % % % %
% % % % % % % % % % % % % % % % % % % % % % % % % % % % % % % % % % % % % % %
% % % % % % % % % % % % % % % % % % % % % % % % % % % % % % % % % % % % % % %
% % % % % % % % % % % % % % % % % % % % % % % % % % % % % % % % % % % % % % %
% % % % % % % % % % % % % % % % % % % % % % % % % % % % % % % % % % % % % % %
% % % % % % % % % % % % % % % % % % % % % % % % % % % . % % % % % % % % % . .
. . % % % % % . . % % % % % % % % % % % % % % % % % % % . . . . . . . % % % %
% % % % . . % % % % . % % % % % % % % % % . . . . . . . . . . . % % % % % % %
% % % % % % . . . . . . % % % % % % % % % . . . . . . . . % % % % % % . . . .
% % % % % % % % % % % % % . . . . . . % % % % % % % % % % . . . . . . % % % %
% % % % % . . . . . . . . . . % % % % % % . . . . . . . % % % % % . . . . % %
% % % % % . . % % % % % % % % % % % . . . . % % % % % % % . . % % % % % % % %
. . . . % % % % % % . . . . . % % % % % % % % . . . . % % % % % % % % % . . .
. . . . . . . . . . . . . % % % % . . . . . . . . . . . % % % % % % . . % % %
% % % . % % % % % % % % % % . % % % % . % % % % . % % % % % % % . . . % % % .
. . . . . . . . . . . % % . % % % % % % . . . % % % . % % . % % % % % % % % .
. % % % % . . . . . . . . . . . . . . . . . . . . . . % % % % % % % . . % % %
% % % % . . . . . . . . . . . . . . . . . . . . . . . . . . . . % % % % % % %
% . . . . . . . . . . . . . . . . . . . . . . . . . . . . . . . . . . . . % %
% % % % % . . . . . . . . . . . . . % % % % % % % % % % % % . . . . % % % % %
% . % % % . % % % % . % % % % % . . . % % % % % % . % % % . % % % % . % % % %
% . . . % % % % % % % % . . . % % % % % % % . . . % % % % % . % % % % % % % %
% % % % % % % % % % % % % % % . % % % . . . % % % % . . . % % % % . . . . . .
% % % . % % % % % % % % . . . . . . . . . . . . . . . . . . . . . . . . . . .
. . . . . . . . . . . . % > % % % % % % % % % % <*packageend % % % % % % % % %
% % % % % % % >
Lines  processed: 1145
Comments removed: 768
Comments  passed: 22
Codelines passed: 347


Processing file blindtext_american.dtx (package) -> blindtext.sty
% % % % % % % % % % % % % . % % % % % . . . . . . . . . . . . . . . . . % % %
% % % % . . . . . . . . . . . % % % % . . . . . . . . . . . . % % % % . . . .
. % % % % . . . % % % % % . . . . . . . . . . . . . . . . . . . . . % % % % .
. . . . . % % % % . . . . . . . . . . . . . . . . . . . . . . . . . . . . . .
. % % % %
Lines  processed: 161
Comments removed: 54
Comments  passed: 0
Codelines passed: 107


Processing file blindtext_english.dtx (package) -> blindtext.sty
% % % % % % % % % % % % . % % % % % . . . . . . . . . . . . . . . . . % % % %
% % % . . . . . . . . . . . % % % % . . . . . . . . . . . % % % % . . . . . %
% % % . . . % % % % % . . . . . . . . . . . . . . . . . . . . . % % % % . . .
. . . % % % % . . . . . . . . . . . . . . . . . . . . . . . . . . . . . . . %
% % %
Lines  processed: 159
Comments removed: 53
Comments  passed: 0
Codelines passed: 106


Processing file blindtext.dtx (packageend) -> blindtext.sty
% % <*package % . . % % % % % % % % % % % % % % % % % > <*driver . . . . . . .
. % . . . . > % <*package % % % % % % % % % % % % % % % % % % % % % % % % % %
% % % % % % % % % % % % % % % % % % % % % % % % % % % % % % % % % % % % % % %
% % % % % % % % % % % % % % % % % % % % % % % % % % % % % % % % % % % % % % %
% % % % % % % % % % % % % % % % % % % % % % % % % % % % % % % % % % % % % % %
% % % % % % % % % % % % % % % % % % % % % % % % % % % % % % % % % % % % % % %
% % % % % % % % % % % % % % % % % % % % % % % % % % % % % % % % % % % % % % %
% % % % % % % % % % % % % % % % % % % % % % % % % % % % % % % % % % % % % % %
% % % % % % % % % % % % % % % % % % % % % % % % % % % % % % % % % % % % % % %
% % % % % % % % % % % % % % % % % % % % % % % % % % % . % % % % % % % % % . .
. . % % % % % . . % % % % % % % % % % % % % % % % % % % . . . . . . . % % % %
% % % % . . % % % % . % % % % % % % % % % . . . . . . . . . . . % % % % % % %
% % % % % % . . . . . . % % % % % % % % % . . . . . . . . % % % % % % . . . .
% % % % % % % % % % % % % . . . . . . % % % % % % % % % % . . . . . . % % % %
% % % % % . . . . . . . . . . % % % % % % . . . . . . . % % % % % . . . . % %
% % % % % . . % % % % % % % % % % % . . . . % % % % % % % . . % % % % % % % %
. . . . % % % % % % . . . . . % % % % % % % % . . . . % % % % % % % % % . . .
. . . . . . . . . . . . . % % % % . . . . . . . . . . . % % % % % % . . % % %
% % % . % % % % % % % % % % . % % % % . % % % % . % % % % % % % . . . % % % .
. . . . . . . . . . . % % . % % % % % % . . . % % % . % % . % % % % % % % % .
. % % % % . . . . . . . . . . . . . . . . . . . . . . % % % % % % % . . % % %
% % % % . . . . . . . . . . . . . . . . . . . . . . . . . . . . % % % % % % %
% . . . . . . . . . . . . . . . . . . . . . . . . . . . . . . . . . . . . % %
% % % % % . . . . . . . . . . . . . % % % % % % % % % % % % . . . . % % % % %
% . % % % . % % % % . % % % % % . . . % % % % % % . % % % . % % % % . % % % %
% . . . % % % % % % % % . . . % % % % % % % . . . % % % % % . % % % % % % % %
% % % % % % % % % % % % % % % . % % % . . . % % % % . . . % % % % . . . . . .
% % % . % % % % % % % % . . . . . . . . . . . . . . . . . . . . . . . . . . .
. . . . . . . . . . . . % > % % % % % % % % % % <*packageend % % % % % % % % %
% % % % % % % >
Lines  processed: 1145
Comments removed: 768
Comments  passed: 22
Codelines passed: 347

***************************************************************
*
* To finish the installation you have to copy the files 
*
*  *.sty into a directory searched by TeX
*
***************************************************************
)
Overall statistics:
Files  processed: 4
Lines  processed: 2610
Comments removed: 1643
Comments  passed: 44
Codelines passed: 907
 ) )
No pages of output.
